# JRE version: Java(TM) SE Runtime Environment (8.0_191-b12) (build 1.8.0_191-b12)
# Java VM: Java HotSpot(TM) Client VM (25.191-b12 mixed mode windows-x86 )
Heap:
 def new generation   total 157248K, used 157247K [0x05a00000, 0x104a0000, 0x104a0000)
  eden space 139776K, 100% used [0x05a00000, 0x0e280000, 0x0e280000)
  from space 17472K,  99% used [0x0f390000, 0x1049ffe0, 0x104a0000)
  to   space 17472K,   0% used [0x0e280000, 0x0e280000, 0x0f390000)
 tenured generation   total 349568K, used 349568K [0x104a0000, 0x25a00000, 0x25a00000)
   the space 349568K, 100% used [0x104a0000, 0x25a00000, 0x25a00000, 0x25a00000)
 Metaspace       used 25546K, capacity 26105K, committed 26240K, reserved 27008K
GC Heap History (10 events):
Event: 103079.198 GC heap before
{Heap before GC invocations=305 (full 205):
 def new generation   total 157248K, used 157247K [0x05a00000, 0x104a0000, 0x104a0000)
  eden space 139776K, 100% used [0x05a00000, 0x0e280000, 0x0e280000)
  from space 17472K,  99% used [0x0f390000, 0x1049ff78, 0x104a0000)
  to   space 17472K,   0% used [0x0e280000, 0x0e280000, 0x0f390000)
 tenured generation   total 349568K, used 349568K [0x104a0000, 0x25a00000, 0x25a00000)
   the space 349568K, 100% used [0x104a0000, 0x25a00000, 0x25a00000, 0x25a00000)
 Metaspace       used 25546K, capacity 26105K, committed 26240K, reserved 27008K
Event: 103079.538 GC heap after
Heap after GC invocations=306 (full 206):
 def new generation   total 157248K, used 157242K [0x05a00000, 0x104a0000, 0x104a0000)
  eden space 139776K, 100% used [0x05a00000, 0x0e280000, 0x0e280000)
  from space 17472K,  99% used [0x0f390000, 0x1049ebb0, 0x104a0000)
  to   space 17472K,   0% used [0x0e280000, 0x0e280000, 0x0f390000)
 tenured generation   total 349568K, used 349568K [0x104a0000, 0x25a00000, 0x25a00000)
   the space 349568K, 100% used [0x104a0000, 0x25a00000, 0x25a00000, 0x25a00000)
 Metaspace       used 25546K, capacity 26105K, committed 26240K, reserved 27008K
}
Event: 103079.538 GC heap before
{Heap before GC invocations=306 (full 206):
 def new generation   total 157248K, used 157247K [0x05a00000, 0x104a0000, 0x104a0000)
  eden space 139776K, 100% used [0x05a00000, 0x0e280000, 0x0e280000)
  from space 17472K,  99% used [0x0f390000, 0x1049ffa8, 0x104a0000)
  to   space 17472K,   0% used [0x0e280000, 0x0e280000, 0x0f390000)
 tenured generation   total 349568K, used 349568K [0x104a0000, 0x25a00000, 0x25a00000)
   the space 349568K, 100% used [0x104a0000, 0x25a00000, 0x25a00000, 0x25a00000)
 Metaspace       used 25546K, capacity 26105K, committed 26240K, reserved 27008K
Event: 103079.868 GC heap after
Heap after GC invocations=307 (full 207):
 def new generation   total 157248K, used 157243K [0x05a00000, 0x104a0000, 0x104a0000)
  eden space 139776K, 100% used [0x05a00000, 0x0e280000, 0x0e280000)
  from space 17472K,  99% used [0x0f390000, 0x1049ecc8, 0x104a0000)
  to   space 17472K,   0% used [0x0e280000, 0x0e280000, 0x0f390000)
 tenured generation   total 349568K, used 349568K [0x104a0000, 0x25a00000, 0x25a00000)
   the space 349568K, 100% used [0x104a0000, 0x25a00000, 0x25a00000, 0x25a00000)
 Metaspace       used 25546K, capacity 26105K, committed 26240K, reserved 27008K
}
Event: 103079.868 GC heap before
{Heap before GC invocations=307 (full 207):
 def new generation   total 157248K, used 157247K [0x05a00000, 0x104a0000, 0x104a0000)
  eden space 139776K, 100% used [0x05a00000, 0x0e280000, 0x0e280000)
  from space 17472K,  99% used [0x0f390000, 0x1049ffe8, 0x104a0000)
  to   space 17472K,   0% used [0x0e280000, 0x0e280000, 0x0f390000)
 tenured generation   total 349568K, used 349568K [0x104a0000, 0x25a00000, 0x25a00000)
   the space 349568K, 100% used [0x104a0000, 0x25a00000, 0x25a00000, 0x25a00000)
 Metaspace       used 25546K, capacity 26105K, committed 26240K, reserved 27008K
Event: 103080.197 GC heap after
Heap after GC invocations=308 (full 208):
 def new generation   total 157248K, used 157235K [0x05a00000, 0x104a0000, 0x104a0000)
  eden space 139776K, 100% used [0x05a00000, 0x0e280000, 0x0e280000)
  from space 17472K,  99% used [0x0f390000, 0x1049cf68, 0x104a0000)
  to   space 17472K,   0% used [0x0e280000, 0x0e280000, 0x0f390000)
 tenured generation   total 349568K, used 349568K [0x104a0000, 0x25a00000, 0x25a00000)
   the space 349568K, 100% used [0x104a0000, 0x25a00000, 0x25a00000, 0x25a00000)
 Metaspace       used 25546K, capacity 26105K, committed 26240K, reserved 27008K
}
Event: 103080.197 GC heap before
{Heap before GC invocations=308 (full 208):
 def new generation   total 157248K, used 157236K [0x05a00000, 0x104a0000, 0x104a0000)
  eden space 139776K, 100% used [0x05a00000, 0x0e280000, 0x0e280000)
  from space 17472K,  99% used [0x0f390000, 0x1049d1a0, 0x104a0000)
  to   space 17472K,   0% used [0x0e280000, 0x0e280000, 0x0f390000)
 tenured generation   total 349568K, used 349568K [0x104a0000, 0x25a00000, 0x25a00000)
   the space 349568K, 100% used [0x104a0000, 0x25a00000, 0x25a00000, 0x25a00000)
 Metaspace       used 25546K, capacity 26105K, committed 26240K, reserved 27008K
Event: 103080.524 GC heap after
Heap after GC invocations=309 (full 209):
 def new generation   total 157248K, used 157236K [0x05a00000, 0x104a0000, 0x104a0000)
  eden space 139776K, 100% used [0x05a00000, 0x0e280000, 0x0e280000)
  from space 17472K,  99% used [0x0f390000, 0x1049d070, 0x104a0000)
  to   space 17472K,   0% used [0x0e280000, 0x0e280000, 0x0f390000)
 tenured generation   total 349568K, used 349568K [0x104a0000, 0x25a00000, 0x25a00000)
   the space 349568K, 100% used [0x104a0000, 0x25a00000, 0x25a00000, 0x25a00000)
 Metaspace       used 25546K, capacity 26105K, committed 26240K, reserved 27008K
}
Event: 103080.524 GC heap before
{Heap before GC invocations=309 (full 209):
 def new generation   total 157248K, used 157236K [0x05a00000, 0x104a0000, 0x104a0000)
  eden space 139776K, 100% used [0x05a00000, 0x0e280000, 0x0e280000)
  from space 17472K,  99% used [0x0f390000, 0x1049d070, 0x104a0000)
  to   space 17472K,   0% used [0x0e280000, 0x0e280000, 0x0f390000)
 tenured generation   total 349568K, used 349568K [0x104a0000, 0x25a00000, 0x25a00000)
   the space 349568K, 100% used [0x104a0000, 0x25a00000, 0x25a00000, 0x25a00000)
 Metaspace       used 25546K, capacity 26105K, committed 26240K, reserved 27008K
Event: 103080.849 GC heap after
Heap after GC invocations=310 (full 210):
 def new generation   total 157248K, used 157236K [0x05a00000, 0x104a0000, 0x104a0000)
  eden space 139776K, 100% used [0x05a00000, 0x0e280000, 0x0e280000)
  from space 17472K,  99% used [0x0f390000, 0x1049d070, 0x104a0000)
  to   space 17472K,   0% used [0x0e280000, 0x0e280000, 0x0f390000)
 tenured generation   total 349568K, used 349568K [0x104a0000, 0x25a00000, 0x25a00000)
   the space 349568K, 100% used [0x104a0000, 0x25a00000, 0x25a00000, 0x25a00000)
 Metaspace       used 25546K, capacity 26105K, committed 26240K, reserved 27008K
}

